<?xml version="1.0" encoding="UTF-8"?>
<coverage generated="1559852239">
  <project timestamp="1559852239">
    <package name="App\BusinessLogic">
      <file name="C:\xampp\htdocs\copypastebin\app\BusinessLogic\PasteService.php">
        <class name="App\BusinessLogic\PasteService" namespace="App\BusinessLogic">
          <metrics complexity="11" methods="3" coveredmethods="1" conditionals="0" coveredconditionals="0" statements="22" coveredstatements="15" elements="25" coveredelements="16"/>
        </class>
        <line num="14" type="method" name="setExpirationTime" visibility="public" complexity="7" crap="9.15" count="1"/>
        <line num="16" type="stmt" count="1"/>
        <line num="17" type="stmt" count="1"/>
        <line num="18" type="stmt" count="1"/>
        <line num="20" type="stmt" count="1"/>
        <line num="21" type="stmt" count="1"/>
        <line num="22" type="stmt" count="0"/>
        <line num="24" type="stmt" count="1"/>
        <line num="25" type="stmt" count="0"/>
        <line num="27" type="stmt" count="1"/>
        <line num="28" type="stmt" count="0"/>
        <line num="30" type="stmt" count="1"/>
        <line num="31" type="stmt" count="0"/>
        <line num="33" type="stmt" count="1"/>
        <line num="34" type="stmt" count="0"/>
        <line num="36" type="stmt" count="1"/>
        <line num="37" type="stmt" count="0"/>
        <line num="40" type="stmt" count="1"/>
        <line num="45" type="method" name="createUrl" visibility="public" complexity="2" crap="2.06" count="1"/>
        <line num="47" type="stmt" count="1"/>
        <line num="48" type="stmt" count="1"/>
        <line num="49" type="stmt" count="0"/>
        <line num="51" type="stmt" count="1"/>
        <line num="55" type="method" name="setUserId" visibility="public" complexity="2" crap="2" count="1"/>
        <line num="57" type="stmt" count="1"/>
        <metrics loc="60" ncloc="60" classes="1" methods="3" coveredmethods="1" conditionals="0" coveredconditionals="0" statements="22" coveredstatements="15" elements="25" coveredelements="16"/>
      </file>
    </package>
    <package name="App\Console">
      <file name="C:\xampp\htdocs\copypastebin\app\Console\Kernel.php">
        <class name="App\Console\Kernel" namespace="App\Console">
          <metrics complexity="2" methods="2" coveredmethods="2" conditionals="0" coveredconditionals="0" statements="4" coveredstatements="4" elements="6" coveredelements="6"/>
        </class>
        <line num="25" type="method" name="schedule" visibility="protected" complexity="1" crap="1" count="12"/>
        <line num="29" type="stmt" count="12"/>
        <line num="36" type="method" name="commands" visibility="protected" complexity="1" crap="1" count="12"/>
        <line num="38" type="stmt" count="12"/>
        <line num="40" type="stmt" count="12"/>
        <line num="41" type="stmt" count="12"/>
        <metrics loc="42" ncloc="20" classes="1" methods="2" coveredmethods="2" conditionals="0" coveredconditionals="0" statements="4" coveredstatements="4" elements="6" coveredelements="6"/>
      </file>
    </package>
    <package name="App\Exceptions">
      <file name="C:\xampp\htdocs\copypastebin\app\Exceptions\Handler.php">
        <class name="App\Exceptions\Handler" namespace="App\Exceptions">
          <metrics complexity="2" methods="2" coveredmethods="2" conditionals="0" coveredconditionals="0" statements="3" coveredstatements="3" elements="5" coveredelements="5"/>
        </class>
        <line num="35" type="method" name="report" visibility="public" complexity="1" crap="1" count="6"/>
        <line num="37" type="stmt" count="6"/>
        <line num="38" type="stmt" count="6"/>
        <line num="47" type="method" name="render" visibility="public" complexity="1" crap="1" count="6"/>
        <line num="49" type="stmt" count="6"/>
        <metrics loc="51" ncloc="26" classes="1" methods="2" coveredmethods="2" conditionals="0" coveredconditionals="0" statements="3" coveredstatements="3" elements="5" coveredelements="5"/>
      </file>
    </package>
    <package name="App\Http\Controllers\Auth">
      <file name="C:\xampp\htdocs\copypastebin\app\Http\Controllers\Auth\ForgotPasswordController.php">
        <class name="App\Http\Controllers\Auth\ForgotPasswordController" namespace="App\Http\Controllers\Auth">
          <metrics complexity="1" methods="1" coveredmethods="0" conditionals="0" coveredconditionals="0" statements="2" coveredstatements="0" elements="3" coveredelements="0"/>
        </class>
        <line num="28" type="method" name="__construct" visibility="public" complexity="1" crap="2.00" count="0"/>
        <line num="30" type="stmt" count="0"/>
        <line num="31" type="stmt" count="0"/>
        <metrics loc="32" ncloc="17" classes="1" methods="1" coveredmethods="0" conditionals="0" coveredconditionals="0" statements="2" coveredstatements="0" elements="3" coveredelements="0"/>
      </file>
      <file name="C:\xampp\htdocs\copypastebin\app\Http\Controllers\Auth\LoginController.php">
        <class name="App\Http\Controllers\Auth\LoginController" namespace="App\Http\Controllers\Auth">
          <metrics complexity="1" methods="1" coveredmethods="0" conditionals="0" coveredconditionals="0" statements="2" coveredstatements="0" elements="3" coveredelements="0"/>
        </class>
        <line num="35" type="method" name="__construct" visibility="public" complexity="1" crap="2.00" count="0"/>
        <line num="37" type="stmt" count="0"/>
        <line num="38" type="stmt" count="0"/>
        <metrics loc="39" ncloc="19" classes="1" methods="1" coveredmethods="0" conditionals="0" coveredconditionals="0" statements="2" coveredstatements="0" elements="3" coveredelements="0"/>
      </file>
      <file name="C:\xampp\htdocs\copypastebin\app\Http\Controllers\Auth\RegisterController.php">
        <class name="App\Http\Controllers\Auth\RegisterController" namespace="App\Http\Controllers\Auth">
          <metrics complexity="3" methods="3" coveredmethods="0" conditionals="0" coveredconditionals="0" statements="8" coveredstatements="0" elements="11" coveredelements="0"/>
        </class>
        <line num="38" type="method" name="__construct" visibility="public" complexity="1" crap="2.00" count="0"/>
        <line num="40" type="stmt" count="0"/>
        <line num="41" type="stmt" count="0"/>
        <line num="49" type="method" name="validator" visibility="protected" complexity="1" crap="2.00" count="0"/>
        <line num="51" type="stmt" count="0"/>
        <line num="52" type="stmt" count="0"/>
        <line num="64" type="method" name="create" visibility="protected" complexity="1" crap="2.00" count="0"/>
        <line num="66" type="stmt" count="0"/>
        <line num="67" type="stmt" count="0"/>
        <line num="68" type="stmt" count="0"/>
        <line num="69" type="stmt" count="0"/>
        <metrics loc="72" ncloc="40" classes="1" methods="3" coveredmethods="0" conditionals="0" coveredconditionals="0" statements="8" coveredstatements="0" elements="11" coveredelements="0"/>
      </file>
      <file name="C:\xampp\htdocs\copypastebin\app\Http\Controllers\Auth\ResetPasswordController.php">
        <class name="App\Http\Controllers\Auth\ResetPasswordController" namespace="App\Http\Controllers\Auth">
          <metrics complexity="1" methods="1" coveredmethods="0" conditionals="0" coveredconditionals="0" statements="2" coveredstatements="0" elements="3" coveredelements="0"/>
        </class>
        <line num="35" type="method" name="__construct" visibility="public" complexity="1" crap="2.00" count="0"/>
        <line num="37" type="stmt" count="0"/>
        <line num="38" type="stmt" count="0"/>
        <metrics loc="39" ncloc="19" classes="1" methods="1" coveredmethods="0" conditionals="0" coveredconditionals="0" statements="2" coveredstatements="0" elements="3" coveredelements="0"/>
      </file>
      <file name="C:\xampp\htdocs\copypastebin\app\Http\Controllers\Auth\SocialController.php">
        <class name="App\Http\Controllers\Auth\SocialController" namespace="App\Http\Controllers\Auth">
          <metrics complexity="3" methods="2" coveredmethods="0" conditionals="0" coveredconditionals="0" statements="9" coveredstatements="0" elements="11" coveredelements="0"/>
        </class>
        <line num="14" type="method" name="redirectToProvider" visibility="public" complexity="1" crap="2.00" count="0"/>
        <line num="16" type="stmt" count="0"/>
        <line num="20" type="method" name="handleProviderCallback" visibility="public" complexity="2" crap="6.00" count="0"/>
        <line num="23" type="stmt" count="0"/>
        <line num="24" type="stmt" count="0"/>
        <line num="25" type="stmt" count="0"/>
        <line num="28" type="stmt" count="0"/>
        <line num="29" type="stmt" count="0"/>
        <line num="30" type="stmt" count="0"/>
        <line num="31" type="stmt" count="0"/>
        <line num="32" type="stmt" count="0"/>
        <metrics loc="34" ncloc="34" classes="1" methods="2" coveredmethods="0" conditionals="0" coveredconditionals="0" statements="9" coveredstatements="0" elements="11" coveredelements="0"/>
      </file>
      <file name="C:\xampp\htdocs\copypastebin\app\Http\Controllers\Auth\VerificationController.php">
        <class name="App\Http\Controllers\Auth\VerificationController" namespace="App\Http\Controllers\Auth">
          <metrics complexity="1" methods="1" coveredmethods="0" conditionals="0" coveredconditionals="0" statements="4" coveredstatements="0" elements="5" coveredelements="0"/>
        </class>
        <line num="35" type="method" name="__construct" visibility="public" complexity="1" crap="2.00" count="0"/>
        <line num="37" type="stmt" count="0"/>
        <line num="38" type="stmt" count="0"/>
        <line num="39" type="stmt" count="0"/>
        <line num="40" type="stmt" count="0"/>
        <metrics loc="41" ncloc="21" classes="1" methods="1" coveredmethods="0" conditionals="0" coveredconditionals="0" statements="4" coveredstatements="0" elements="5" coveredelements="0"/>
      </file>
    </package>
    <package name="App\Http\Controllers">
      <file name="C:\xampp\htdocs\copypastebin\app\Http\Controllers\Controller.php">
        <class name="App\Http\Controllers\Controller" namespace="App\Http\Controllers">
          <metrics complexity="0" methods="0" coveredmethods="0" conditionals="0" coveredconditionals="0" statements="0" coveredstatements="0" elements="0" coveredelements="0"/>
        </class>
        <metrics loc="13" ncloc="13" classes="0" methods="0" coveredmethods="0" conditionals="0" coveredconditionals="0" statements="0" coveredstatements="0" elements="0" coveredelements="0"/>
      </file>
      <file name="C:\xampp\htdocs\copypastebin\app\Http\Controllers\PasteController.php">
        <class name="App\Http\Controllers\PasteController" namespace="App\Http\Controllers">
          <metrics complexity="12" methods="8" coveredmethods="5" conditionals="0" coveredconditionals="0" statements="38" coveredstatements="24" elements="46" coveredelements="29"/>
        </class>
        <line num="16" type="method" name="__construct" visibility="public" complexity="1" crap="1" count="10"/>
        <line num="18" type="stmt" count="10"/>
        <line num="19" type="stmt" count="10"/>
        <line num="20" type="stmt" count="10"/>
        <line num="23" type="method" name="create" visibility="public" complexity="1" crap="1" count="1"/>
        <line num="25" type="stmt" count="1"/>
        <line num="29" type="method" name="show" visibility="public" complexity="2" crap="2" count="2"/>
        <line num="31" type="stmt" count="2"/>
        <line num="32" type="stmt" count="1"/>
        <line num="33" type="stmt" count="1"/>
        <line num="34" type="stmt" count="1"/>
        <line num="36" type="stmt" count="1"/>
        <line num="41" type="method" name="store" visibility="public" complexity="1" crap="1" count="1"/>
        <line num="43" type="stmt" count="1"/>
        <line num="44" type="stmt" count="1"/>
        <line num="45" type="stmt" count="1"/>
        <line num="46" type="stmt" count="1"/>
        <line num="47" type="stmt" count="1"/>
        <line num="49" type="stmt" count="1"/>
        <line num="53" type="method" name="update" visibility="public" complexity="1" crap="2.00" count="0"/>
        <line num="55" type="stmt" count="0"/>
        <line num="56" type="stmt" count="0"/>
        <line num="57" type="stmt" count="0"/>
        <line num="58" type="stmt" count="0"/>
        <line num="60" type="stmt" count="0"/>
        <line num="64" type="method" name="search" visibility="public" complexity="4" crap="5.63" count="1"/>
        <line num="66" type="stmt" count="1"/>
        <line num="67" type="stmt" count="1"/>
        <line num="69" type="stmt" count="1"/>
        <line num="70" type="stmt" count="1"/>
        <line num="71" type="stmt" count="1"/>
        <line num="72" type="stmt" count="1"/>
        <line num="73" type="stmt" count="1"/>
        <line num="74" type="stmt" count="0"/>
        <line num="75" type="stmt" count="0"/>
        <line num="76" type="stmt" count="0"/>
        <line num="77" type="stmt" count="0"/>
        <line num="78" type="stmt" count="0"/>
        <line num="79" type="stmt" count="0"/>
        <line num="81" type="stmt" count="0"/>
        <line num="84" type="stmt" count="1"/>
        <line num="88" type="method" name="showSearchResults" visibility="public" complexity="1" crap="1" count="1"/>
        <line num="90" type="stmt" count="1"/>
        <line num="94" type="method" name="showUserPastes" visibility="public" complexity="1" crap="2.00" count="0"/>
        <line num="96" type="stmt" count="0"/>
        <line num="97" type="stmt" count="0"/>
        <metrics loc="100" ncloc="100" classes="1" methods="8" coveredmethods="5" conditionals="0" coveredconditionals="0" statements="38" coveredstatements="24" elements="46" coveredelements="29"/>
      </file>
      <file name="C:\xampp\htdocs\copypastebin\app\Http\Controllers\UserController.php">
        <class name="App\Http\Controllers\UserController" namespace="App\Http\Controllers">
          <metrics complexity="3" methods="3" coveredmethods="1" conditionals="0" coveredconditionals="0" statements="6" coveredstatements="2" elements="9" coveredelements="3"/>
        </class>
        <line num="10" type="method" name="__construct" visibility="public" complexity="1" crap="1" count="1"/>
        <line num="12" type="stmt" count="1"/>
        <line num="13" type="stmt" count="1"/>
        <line num="16" type="method" name="show" visibility="public" complexity="1" crap="2.00" count="0"/>
        <line num="18" type="stmt" count="0"/>
        <line num="22" type="method" name="update" visibility="public" complexity="1" crap="2.00" count="0"/>
        <line num="24" type="stmt" count="0"/>
        <line num="25" type="stmt" count="0"/>
        <line num="26" type="stmt" count="0"/>
        <metrics loc="29" ncloc="29" classes="1" methods="3" coveredmethods="1" conditionals="0" coveredconditionals="0" statements="6" coveredstatements="2" elements="9" coveredelements="3"/>
      </file>
    </package>
    <package name="App\Http">
      <file name="C:\xampp\htdocs\copypastebin\app\Http\Kernel.php">
        <class name="App\Http\Kernel" namespace="App\Http">
          <metrics complexity="0" methods="0" coveredmethods="0" conditionals="0" coveredconditionals="0" statements="0" coveredstatements="0" elements="0" coveredelements="0"/>
        </class>
        <metrics loc="80" ncloc="52" classes="0" methods="0" coveredmethods="0" conditionals="0" coveredconditionals="0" statements="0" coveredstatements="0" elements="0" coveredelements="0"/>
      </file>
    </package>
    <package name="App\Http\Middleware">
      <file name="C:\xampp\htdocs\copypastebin\app\Http\Middleware\Authenticate.php">
        <class name="App\Http\Middleware\Authenticate" namespace="App\Http\Middleware">
          <metrics complexity="2" methods="1" coveredmethods="1" conditionals="0" coveredconditionals="0" statements="3" coveredstatements="3" elements="4" coveredelements="4"/>
        </class>
        <line num="15" type="method" name="redirectTo" visibility="protected" complexity="2" crap="2" count="3"/>
        <line num="17" type="stmt" count="3"/>
        <line num="18" type="stmt" count="1"/>
        <line num="20" type="stmt" count="2"/>
        <metrics loc="21" ncloc="15" classes="1" methods="1" coveredmethods="1" conditionals="0" coveredconditionals="0" statements="3" coveredstatements="3" elements="4" coveredelements="4"/>
      </file>
      <file name="C:\xampp\htdocs\copypastebin\app\Http\Middleware\CheckForMaintenanceMode.php">
        <class name="App\Http\Middleware\CheckForMaintenanceMode" namespace="App\Http\Middleware">
          <metrics complexity="0" methods="0" coveredmethods="0" conditionals="0" coveredconditionals="0" statements="0" coveredstatements="0" elements="0" coveredelements="0"/>
        </class>
        <metrics loc="17" ncloc="10" classes="0" methods="0" coveredmethods="0" conditionals="0" coveredconditionals="0" statements="0" coveredstatements="0" elements="0" coveredelements="0"/>
      </file>
      <file name="C:\xampp\htdocs\copypastebin\app\Http\Middleware\EncryptCookies.php">
        <class name="App\Http\Middleware\EncryptCookies" namespace="App\Http\Middleware">
          <metrics complexity="0" methods="0" coveredmethods="0" conditionals="0" coveredconditionals="0" statements="0" coveredstatements="0" elements="0" coveredelements="0"/>
        </class>
        <metrics loc="17" ncloc="10" classes="0" methods="0" coveredmethods="0" conditionals="0" coveredconditionals="0" statements="0" coveredstatements="0" elements="0" coveredelements="0"/>
      </file>
      <file name="C:\xampp\htdocs\copypastebin\app\Http\Middleware\RedirectIfAuthenticated.php">
        <class name="App\Http\Middleware\RedirectIfAuthenticated" namespace="App\Http\Middleware">
          <metrics complexity="2" methods="1" coveredmethods="0" conditionals="0" coveredconditionals="0" statements="3" coveredstatements="0" elements="4" coveredelements="0"/>
        </class>
        <line num="18" type="method" name="handle" visibility="public" complexity="2" crap="6.00" count="0"/>
        <line num="20" type="stmt" count="0"/>
        <line num="21" type="stmt" count="0"/>
        <line num="24" type="stmt" count="0"/>
        <metrics loc="26" ncloc="18" classes="1" methods="1" coveredmethods="0" conditionals="0" coveredconditionals="0" statements="3" coveredstatements="0" elements="4" coveredelements="0"/>
      </file>
      <file name="C:\xampp\htdocs\copypastebin\app\Http\Middleware\TrimStrings.php">
        <class name="App\Http\Middleware\TrimStrings" namespace="App\Http\Middleware">
          <metrics complexity="0" methods="0" coveredmethods="0" conditionals="0" coveredconditionals="0" statements="0" coveredstatements="0" elements="0" coveredelements="0"/>
        </class>
        <metrics loc="18" ncloc="13" classes="0" methods="0" coveredmethods="0" conditionals="0" coveredconditionals="0" statements="0" coveredstatements="0" elements="0" coveredelements="0"/>
      </file>
      <file name="C:\xampp\htdocs\copypastebin\app\Http\Middleware\TrustProxies.php">
        <class name="App\Http\Middleware\TrustProxies" namespace="App\Http\Middleware">
          <metrics complexity="0" methods="0" coveredmethods="0" conditionals="0" coveredconditionals="0" statements="0" coveredstatements="0" elements="0" coveredelements="0"/>
        </class>
        <metrics loc="23" ncloc="13" classes="0" methods="0" coveredmethods="0" conditionals="0" coveredconditionals="0" statements="0" coveredstatements="0" elements="0" coveredelements="0"/>
      </file>
      <file name="C:\xampp\htdocs\copypastebin\app\Http\Middleware\VerifyCsrfToken.php">
        <class name="App\Http\Middleware\VerifyCsrfToken" namespace="App\Http\Middleware">
          <metrics complexity="0" methods="0" coveredmethods="0" conditionals="0" coveredconditionals="0" statements="0" coveredstatements="0" elements="0" coveredelements="0"/>
        </class>
        <metrics loc="24" ncloc="12" classes="0" methods="0" coveredmethods="0" conditionals="0" coveredconditionals="0" statements="0" coveredstatements="0" elements="0" coveredelements="0"/>
      </file>
    </package>
    <package name="App\Http\Requests">
      <file name="C:\xampp\htdocs\copypastebin\app\Http\Requests\SearchPasteRequest.php">
        <class name="App\Http\Requests\SearchPasteRequest" namespace="App\Http\Requests">
          <metrics complexity="2" methods="2" coveredmethods="2" conditionals="0" coveredconditionals="0" statements="4" coveredstatements="4" elements="6" coveredelements="6"/>
        </class>
        <line num="15" type="method" name="authorize" visibility="public" complexity="1" crap="1" count="2"/>
        <line num="17" type="stmt" count="2"/>
        <line num="25" type="method" name="rules" visibility="public" complexity="1" crap="1" count="2"/>
        <line num="28" type="stmt" count="2"/>
        <line num="30" type="stmt" count="2"/>
        <line num="31" type="stmt" count="2"/>
        <metrics loc="35" ncloc="25" classes="1" methods="2" coveredmethods="2" conditionals="0" coveredconditionals="0" statements="4" coveredstatements="4" elements="6" coveredelements="6"/>
      </file>
      <file name="C:\xampp\htdocs\copypastebin\app\Http\Requests\StorePasteRequest.php">
        <class name="App\Http\Requests\StorePasteRequest" namespace="App\Http\Requests">
          <metrics complexity="2" methods="2" coveredmethods="2" conditionals="0" coveredconditionals="0" statements="7" coveredstatements="7" elements="9" coveredelements="9"/>
        </class>
        <line num="16" type="method" name="authorize" visibility="public" complexity="1" crap="1" count="2"/>
        <line num="18" type="stmt" count="2"/>
        <line num="26" type="method" name="rules" visibility="public" complexity="1" crap="1" count="2"/>
        <line num="29" type="stmt" count="2"/>
        <line num="30" type="stmt" count="2"/>
        <line num="31" type="stmt" count="2"/>
        <line num="32" type="stmt" count="2"/>
        <line num="34" type="stmt" count="2"/>
        <line num="35" type="stmt" count="2"/>
        <metrics loc="39" ncloc="29" classes="1" methods="2" coveredmethods="2" conditionals="0" coveredconditionals="0" statements="7" coveredstatements="7" elements="9" coveredelements="9"/>
      </file>
      <file name="C:\xampp\htdocs\copypastebin\app\Http\Requests\UpdatePasteRequest.php">
        <class name="App\Http\Requests\UpdatePasteRequest" namespace="App\Http\Requests">
          <metrics complexity="2" methods="2" coveredmethods="0" conditionals="0" coveredconditionals="0" statements="4" coveredstatements="0" elements="6" coveredelements="0"/>
        </class>
        <line num="16" type="method" name="authorize" visibility="public" complexity="1" crap="2.00" count="0"/>
        <line num="18" type="stmt" count="0"/>
        <line num="26" type="method" name="rules" visibility="public" complexity="1" crap="2.00" count="0"/>
        <line num="29" type="stmt" count="0"/>
        <line num="31" type="stmt" count="0"/>
        <line num="32" type="stmt" count="0"/>
        <metrics loc="36" ncloc="26" classes="1" methods="2" coveredmethods="0" conditionals="0" coveredconditionals="0" statements="4" coveredstatements="0" elements="6" coveredelements="0"/>
      </file>
      <file name="C:\xampp\htdocs\copypastebin\app\Http\Requests\UpdateUserRequest.php">
        <class name="App\Http\Requests\UpdateUserRequest" namespace="App\Http\Requests">
          <metrics complexity="2" methods="2" coveredmethods="0" conditionals="0" coveredconditionals="0" statements="2" coveredstatements="0" elements="4" coveredelements="0"/>
        </class>
        <line num="14" type="method" name="authorize" visibility="public" complexity="1" crap="2.00" count="0"/>
        <line num="16" type="stmt" count="0"/>
        <line num="24" type="method" name="rules" visibility="public" complexity="1" crap="2.00" count="0"/>
        <line num="27" type="stmt" count="0"/>
        <metrics loc="32" ncloc="22" classes="1" methods="2" coveredmethods="0" conditionals="0" coveredconditionals="0" statements="2" coveredstatements="0" elements="4" coveredelements="0"/>
      </file>
    </package>
    <package name="App\Http\View\Composers">
      <file name="C:\xampp\htdocs\copypastebin\app\Http\View\Composers\PasteComposer.php">
        <class name="App\Http\View\Composers\PasteComposer" namespace="App\Http\View\Composers">
          <metrics complexity="2" methods="2" coveredmethods="2" conditionals="0" coveredconditionals="0" statements="8" coveredstatements="8" elements="10" coveredelements="10"/>
        </class>
        <line num="14" type="method" name="__construct" visibility="public" complexity="1" crap="1" count="5"/>
        <line num="16" type="stmt" count="5"/>
        <line num="17" type="stmt" count="5"/>
        <line num="20" type="method" name="compose" visibility="public" complexity="1" crap="1" count="5"/>
        <line num="22" type="stmt" count="5"/>
        <line num="23" type="stmt" count="5"/>
        <line num="25" type="stmt" count="5"/>
        <line num="26" type="stmt" count="5"/>
        <line num="27" type="stmt" count="5"/>
        <line num="29" type="stmt" count="5"/>
        <metrics loc="29" ncloc="29" classes="1" methods="2" coveredmethods="2" conditionals="0" coveredconditionals="0" statements="8" coveredstatements="8" elements="10" coveredelements="10"/>
      </file>
    </package>
    <package name="App">
      <file name="C:\xampp\htdocs\copypastebin\app\Paste.php">
        <class name="App\Paste" namespace="App">
          <metrics complexity="15" methods="8" coveredmethods="4" conditionals="0" coveredconditionals="0" statements="23" coveredstatements="11" elements="31" coveredelements="15"/>
        </class>
        <line num="21" type="method" name="scopePublic" visibility="public" complexity="1" crap="1" count="5"/>
        <line num="23" type="stmt" count="5"/>
        <line num="26" type="method" name="scopeTitleContains" visibility="public" complexity="1" crap="1" count="1"/>
        <line num="28" type="stmt" count="1"/>
        <line num="32" type="method" name="scopeDataContains" visibility="public" complexity="1" crap="1" count="1"/>
        <line num="34" type="stmt" count="1"/>
        <line num="38" type="method" name="getRecentPublicPastes" visibility="public" complexity="1" crap="1" count="5"/>
        <line num="40" type="stmt" count="5"/>
        <line num="44" type="method" name="getRecentPastesOfCurrentUser" visibility="public" complexity="2" crap="2.86" count="5"/>
        <line num="46" type="stmt" count="5"/>
        <line num="47" type="stmt" count="0"/>
        <line num="48" type="stmt" count="0"/>
        <line num="49" type="stmt" count="0"/>
        <line num="51" type="stmt" count="5"/>
        <line num="54" type="method" name="scopeAllOfCurrentUser" visibility="public" complexity="2" crap="6.00" count="0"/>
        <line num="56" type="stmt" count="0"/>
        <line num="57" type="stmt" count="0"/>
        <line num="58" type="stmt" count="0"/>
        <line num="60" type="stmt" count="0"/>
        <line num="63" type="method" name="isExpired" visibility="public" complexity="3" crap="4.94" count="1"/>
        <line num="65" type="stmt" count="1"/>
        <line num="66" type="stmt" count="1"/>
        <line num="67" type="stmt" count="0"/>
        <line num="68" type="stmt" count="0"/>
        <line num="69" type="stmt" count="0"/>
        <line num="73" type="method" name="isPrivate" visibility="public" complexity="4" crap="5.02" count="1"/>
        <line num="75" type="stmt" count="1"/>
        <line num="76" type="stmt" count="1"/>
        <line num="77" type="stmt" count="0"/>
        <line num="78" type="stmt" count="1"/>
        <line num="80" type="stmt" count="0"/>
        <metrics loc="86" ncloc="81" classes="1" methods="8" coveredmethods="4" conditionals="0" coveredconditionals="0" statements="23" coveredstatements="11" elements="31" coveredelements="15"/>
      </file>
      <file name="C:\xampp\htdocs\copypastebin\app\User.php">
        <class name="App\User" namespace="App">
          <metrics complexity="0" methods="0" coveredmethods="0" conditionals="0" coveredconditionals="0" statements="0" coveredstatements="0" elements="0" coveredelements="0"/>
        </class>
        <metrics loc="39" ncloc="24" classes="0" methods="0" coveredmethods="0" conditionals="0" coveredconditionals="0" statements="0" coveredstatements="0" elements="0" coveredelements="0"/>
      </file>
    </package>
    <package name="App\Providers">
      <file name="C:\xampp\htdocs\copypastebin\app\Providers\AppServiceProvider.php">
        <class name="App\Providers\AppServiceProvider" namespace="App\Providers">
          <metrics complexity="2" methods="2" coveredmethods="2" conditionals="0" coveredconditionals="0" statements="4" coveredstatements="4" elements="6" coveredelements="6"/>
        </class>
        <line num="17" type="method" name="register" visibility="public" complexity="1" crap="1" count="12"/>
        <line num="20" type="stmt" count="12"/>
        <line num="27" type="method" name="boot" visibility="public" complexity="1" crap="1" count="12"/>
        <line num="29" type="stmt" count="12"/>
        <line num="31" type="stmt" count="12"/>
        <line num="33" type="stmt" count="12"/>
        <metrics loc="34" ncloc="22" classes="1" methods="2" coveredmethods="2" conditionals="0" coveredconditionals="0" statements="4" coveredstatements="4" elements="6" coveredelements="6"/>
      </file>
      <file name="C:\xampp\htdocs\copypastebin\app\Providers\AuthServiceProvider.php">
        <class name="App\Providers\AuthServiceProvider" namespace="App\Providers">
          <metrics complexity="1" methods="1" coveredmethods="1" conditionals="0" coveredconditionals="0" statements="2" coveredstatements="2" elements="3" coveredelements="3"/>
        </class>
        <line num="24" type="method" name="boot" visibility="public" complexity="1" crap="1" count="12"/>
        <line num="26" type="stmt" count="12"/>
        <line num="29" type="stmt" count="12"/>
        <metrics loc="30" ncloc="16" classes="1" methods="1" coveredmethods="1" conditionals="0" coveredconditionals="0" statements="2" coveredstatements="2" elements="3" coveredelements="3"/>
      </file>
      <file name="C:\xampp\htdocs\copypastebin\app\Providers\BroadcastServiceProvider.php">
        <class name="App\Providers\BroadcastServiceProvider" namespace="App\Providers">
          <metrics complexity="1" methods="1" coveredmethods="0" conditionals="0" coveredconditionals="0" statements="3" coveredstatements="0" elements="4" coveredelements="0"/>
        </class>
        <line num="15" type="method" name="boot" visibility="public" complexity="1" crap="2.00" count="0"/>
        <line num="17" type="stmt" count="0"/>
        <line num="19" type="stmt" count="0"/>
        <line num="20" type="stmt" count="0"/>
        <metrics loc="21" ncloc="16" classes="1" methods="1" coveredmethods="0" conditionals="0" coveredconditionals="0" statements="3" coveredstatements="0" elements="4" coveredelements="0"/>
      </file>
      <file name="C:\xampp\htdocs\copypastebin\app\Providers\EventServiceProvider.php">
        <class name="App\Providers\EventServiceProvider" namespace="App\Providers">
          <metrics complexity="1" methods="1" coveredmethods="1" conditionals="0" coveredconditionals="0" statements="2" coveredstatements="2" elements="3" coveredelements="3"/>
        </class>
        <line num="28" type="method" name="boot" visibility="public" complexity="1" crap="1" count="12"/>
        <line num="30" type="stmt" count="12"/>
        <line num="33" type="stmt" count="12"/>
        <metrics loc="34" ncloc="22" classes="1" methods="1" coveredmethods="1" conditionals="0" coveredconditionals="0" statements="2" coveredstatements="2" elements="3" coveredelements="3"/>
      </file>
      <file name="C:\xampp\htdocs\copypastebin\app\Providers\RouteServiceProvider.php">
        <class name="App\Providers\RouteServiceProvider" namespace="App\Providers">
          <metrics complexity="4" methods="4" coveredmethods="4" conditionals="0" coveredconditionals="0" statements="14" coveredstatements="14" elements="18" coveredelements="18"/>
        </class>
        <line num="24" type="method" name="boot" visibility="public" complexity="1" crap="1" count="12"/>
        <line num="28" type="stmt" count="12"/>
        <line num="29" type="stmt" count="12"/>
        <line num="36" type="method" name="map" visibility="public" complexity="1" crap="1" count="12"/>
        <line num="38" type="stmt" count="12"/>
        <line num="40" type="stmt" count="12"/>
        <line num="43" type="stmt" count="12"/>
        <line num="52" type="method" name="mapWebRoutes" visibility="protected" complexity="1" crap="1" count="12"/>
        <line num="54" type="stmt" count="12"/>
        <line num="55" type="stmt" count="12"/>
        <line num="56" type="stmt" count="12"/>
        <line num="57" type="stmt" count="12"/>
        <line num="66" type="method" name="mapApiRoutes" visibility="protected" complexity="1" crap="1" count="12"/>
        <line num="68" type="stmt" count="12"/>
        <line num="69" type="stmt" count="12"/>
        <line num="70" type="stmt" count="12"/>
        <line num="71" type="stmt" count="12"/>
        <line num="72" type="stmt" count="12"/>
        <metrics loc="73" ncloc="38" classes="1" methods="4" coveredmethods="4" conditionals="0" coveredconditionals="0" statements="14" coveredstatements="14" elements="18" coveredelements="18"/>
      </file>
      <file name="C:\xampp\htdocs\copypastebin\app\Providers\ViewServiceProvider.php">
        <class name="App\Providers\ViewServiceProvider" namespace="App\Providers">
          <metrics complexity="2" methods="2" coveredmethods="2" conditionals="0" coveredconditionals="0" statements="3" coveredstatements="3" elements="5" coveredelements="5"/>
        </class>
        <line num="16" type="method" name="register" visibility="public" complexity="1" crap="1" count="12"/>
        <line num="19" type="stmt" count="12"/>
        <line num="26" type="method" name="boot" visibility="public" complexity="1" crap="1" count="12"/>
        <line num="28" type="stmt" count="12"/>
        <line num="29" type="stmt" count="12"/>
        <metrics loc="30" ncloc="18" classes="1" methods="2" coveredmethods="2" conditionals="0" coveredconditionals="0" statements="3" coveredstatements="3" elements="5" coveredelements="5"/>
      </file>
    </package>
    <metrics files="33" loc="1296" ncloc="909" classes="25" methods="58" coveredmethods="32" conditionals="0" coveredconditionals="0" statements="182" coveredstatements="106" elements="240" coveredelements="138"/>
  </project>
</coverage>
